============================= test session starts ==============================
platform darwin -- Python 3.14.3, pytest-9.0.2, pluggy-1.6.0 -- /opt/homebrew/opt/python@3.14/bin/python3.14
cachedir: .pytest_cache
rootdir: /Users/1000ber-6379/Source/code/gral/gral/np-solver
collecting ... collected 5 items

tests/test_np_solver.py::test_solution_exists PASSED                     [ 20%]
tests/test_np_solver.py::test_spin_verified PASSED                       [ 40%]
tests/test_np_solver.py::test_pass_rate_high PASSED                      [ 60%]
tests/test_np_solver.py::test_gap_acceptable PASSED                      [ 80%]
tests/test_np_solver.py::test_hamiltonian_valid PASSED                   [100%]

============================== 5 passed in 0.01s ===============================
=== NP-Solver Autonomous Loop ===

--- Iteration 1 ---
  [1/4] Running GA solver...
        best_cost=15.1783, gap=2.6%
  [2/4] Generating Promela model...
  [3/4] Running SPIN verification...
        status=PASS, pass_rate=1.0
  [4/4] Computing fitness and tuning params...
        fitness=128.8137

  [CHECK] Conditions met — running test suite...

<promise>GAP_LT_5_PERCENT_VERIFIED</promise>
============================= test session starts ==============================
platform darwin -- Python 3.14.3, pytest-9.0.2, pluggy-1.6.0 -- /opt/homebrew/opt/python@3.14/bin/python3.14
cachedir: .pytest_cache
rootdir: /Users/1000ber-6379/Source/code/gral/gral/np-solver
collecting ... collected 5 items

tests/test_np_solver.py::test_solution_exists PASSED                     [ 20%]
tests/test_np_solver.py::test_spin_verified PASSED                       [ 40%]
tests/test_np_solver.py::test_pass_rate_high PASSED                      [ 60%]
tests/test_np_solver.py::test_gap_acceptable PASSED                      [ 80%]
tests/test_np_solver.py::test_hamiltonian_valid PASSED                   [100%]

============================== 5 passed in 0.01s ===============================
=== NP-Solver Autonomous Loop ===

--- Iteration 1 ---
  [1/4] Running GA solver...
  Phase 1: ILS from 55 starts, 50 kicks each...
  Phase 1 best: 574.90
  Phase 2: SA escape from top 10 ILS solutions...
    SA-1: 574.90 -> 574.90
    SA-2: 574.90 -> 574.90
    SA-3: 574.90 -> 574.90
    SA-4: 574.90 -> 574.90
    SA-5: 574.90 -> 574.90
    SA-6: 574.90 -> 574.90
    SA-7: 574.90 -> 574.90
    SA-8: 574.90 -> 574.90
    SA-9: 574.90 -> 574.90
    SA-10: 574.90 -> 574.90
GA Done: best cost=574.90
        best_cost=574.8978, gap=4.9%
  [2/4] Generating Promela model...
  [3/4] Running SPIN verification...
        status=PASS, pass_rate=1.0
  [4/4] Computing fitness and tuning params...
        fitness=117.6183

  [CHECK] Conditions met — running test suite...

<promise>GAP_LT_5_PERCENT_VERIFIED</promise>
============================= test session starts ==============================
platform darwin -- Python 3.14.3, pytest-9.0.2, pluggy-1.6.0 -- /opt/homebrew/opt/python@3.14/bin/python3.14
cachedir: .pytest_cache
rootdir: /Users/1000ber-6379/Source/code/gral/gral/np-solver
collecting ... collected 5 items

tests/test_np_solver.py::test_solution_exists PASSED                     [ 20%]
tests/test_np_solver.py::test_spin_verified PASSED                       [ 40%]
tests/test_np_solver.py::test_pass_rate_high PASSED                      [ 60%]
tests/test_np_solver.py::test_gap_acceptable PASSED                      [ 80%]
tests/test_np_solver.py::test_hamiltonian_valid PASSED                   [100%]

============================== 5 passed in 0.00s ===============================
=== NP-Solver Autonomous Loop ===

--- Iteration 1 ---
  [1/4] Running GA solver...
  Phase 1: ILS from 56 starts, 200 kicks each...
  Phase 1 best: 426.00
  Phase 2: SA escape from top 10 ILS solutions...
    SA-1: 426.00 -> 426.00
    SA-2: 426.00 -> 426.00
    SA-3: 426.00 -> 426.00
    SA-4: 426.00 -> 426.00
    SA-5: 426.00 -> 426.00
    SA-6: 426.00 -> 426.00
    SA-7: 426.00 -> 426.00
    SA-8: 426.00 -> 426.00
    SA-9: 426.00 -> 426.00
    SA-10: 426.00 -> 426.00
GA Done: best cost=426.00
        best_cost=426.0000, gap=0.0%
  [2/4] Generating Promela model...
  [3/4] Running SPIN verification...
        status=PASS, pass_rate=1.0
  [4/4] Computing fitness and tuning params...
        fitness=200.6931

  [CHECK] Conditions met — running test suite...

<promise>GAP_LT_5_PERCENT_VERIFIED</promise>
